<?xml version="1.0" encoding="UTF-8" standalone="no"?>
<beans xmlns="http://www.springframework.org/schema/beans"
       xmlns:xsi="http://www.w3.org/2001/XMLSchema-instance"
       xsi:schemaLocation="http://www.springframework.org/schema/beans http://www.springframework.org/schema/beans/spring-beans-3.1.xsd">

    <import resource="file:src/main/webapp/WEB-INF/spring/root-context.xml"/>
    <import resource="file:src/main/webapp/WEB-INF/spring/mail-templates-context.xml"/>

</beans>
